11-Feb-2026 15:57:02 GMT  Initiating request to open input file "/data/sbnd/hyperons/filtered_lambda_reco2_1.root"
11-Feb-2026 15:57:02 GMT  Opened input file "/data/sbnd/hyperons/filtered_lambda_reco2_1.root"
11-Feb-2026 15:58:30 GMT  Closed input file "/data/sbnd/hyperons/filtered_lambda_reco2_1.root"
11-Feb-2026 15:58:30 GMT  Initiating request to open input file "/data/sbnd/hyperons/filtered_lambda_reco2_2.root"
11-Feb-2026 15:58:30 GMT  Opened input file "/data/sbnd/hyperons/filtered_lambda_reco2_2.root"
11-Feb-2026 16:00:19 GMT  Closed input file "/data/sbnd/hyperons/filtered_lambda_reco2_2.root"
11-Feb-2026 16:00:19 GMT  Initiating request to open input file "/data/sbnd/hyperons/filtered_lambda_reco2_3.root"
11-Feb-2026 16:00:19 GMT  Opened input file "/data/sbnd/hyperons/filtered_lambda_reco2_3.root"
11-Feb-2026 16:02:27 GMT  Closed input file "/data/sbnd/hyperons/filtered_lambda_reco2_3.root"
11-Feb-2026 16:02:27 GMT  Initiating request to open input file "/data/sbnd/hyperons/filtered_lambda_reco2_4.root"
11-Feb-2026 16:02:27 GMT  Opened input file "/data/sbnd/hyperons/filtered_lambda_reco2_4.root"
11-Feb-2026 16:04:26 GMT  Closed input file "/data/sbnd/hyperons/filtered_lambda_reco2_4.root"
11-Feb-2026 16:04:26 GMT  Initiating request to open input file "/data/sbnd/hyperons/filtered_lambda_reco2_5.root"
11-Feb-2026 16:04:26 GMT  Opened input file "/data/sbnd/hyperons/filtered_lambda_reco2_5.root"
11-Feb-2026 16:06:22 GMT  Closed input file "/data/sbnd/hyperons/filtered_lambda_reco2_5.root"
11-Feb-2026 16:06:22 GMT  Initiating request to open input file "/data/sbnd/hyperons/filtered_lambda_reco2_6.root"
11-Feb-2026 16:06:22 GMT  Opened input file "/data/sbnd/hyperons/filtered_lambda_reco2_6.root"
11-Feb-2026 16:08:21 GMT  Closed input file "/data/sbnd/hyperons/filtered_lambda_reco2_6.root"
11-Feb-2026 16:08:21 GMT  Initiating request to open input file "/data/sbnd/hyperons/filtered_lambda_reco2_7.root"
11-Feb-2026 16:08:21 GMT  Opened input file "/data/sbnd/hyperons/filtered_lambda_reco2_7.root"
11-Feb-2026 16:10:15 GMT  Closed input file "/data/sbnd/hyperons/filtered_lambda_reco2_7.root"

====================================================================================================================
TimeTracker printout (sec)            Min           Avg           Max         Median          RMS         nEvts   
====================================================================================================================
Full event                         0.0137704     0.173418      0.497526      0.169581      0.0651406      3784    
--------------------------------------------------------------------------------------------------------------------
source:RootInput(read)            0.000256605   0.000409946   0.00280294    0.000357875   0.000164189     3784    
end_path:ana:AnalyzeEvents         0.0133328     0.172842      0.497098      0.169088      0.0651422      3784    
====================================================================================================================

====================================================================================================
MemoryTracker summary (base-10 MB units used)

  Peak virtual memory usage (VmPeak)  : 25216.8 MB
  Peak resident set size usage (VmHWM): 850.67 MB
  Details saved in: 'memory.db'
====================================================================================================
